<?xml version="1.0" encoding="UTF-8" ?>
<testsuite failures="0" time="1.294" errors="8" skipped="0" tests="12" name="jUnit.TailoredModulesExtractorTest">
  <properties>
    <property name="java.runtime.name" value="Java(TM) SE Runtime Environment"/>
    <property name="sun.boot.library.path" value="/Library/Java/JavaVirtualMachines/jdk1.7.0_55.jdk/Contents/Home/jre/lib"/>
    <property name="java.vm.version" value="24.55-b03"/>
    <property name="user.country.format" value="GB"/>
    <property name="gopherProxySet" value="false"/>
    <property name="java.vm.vendor" value="Oracle Corporation"/>
    <property name="maven.multiModuleProjectDirectory" value="/Users/Ana/Documents/Work/DatalogModules/PrisM"/>
    <property name="java.vendor.url" value="http://java.oracle.com/"/>
    <property name="path.separator" value=":"/>
    <property name="guice.disable.misplaced.annotation.check" value="true"/>
    <property name="java.vm.name" value="Java HotSpot(TM) 64-Bit Server VM"/>
    <property name="file.encoding.pkg" value="sun.io"/>
    <property name="user.country" value="US"/>
    <property name="sun.java.launcher" value="SUN_STANDARD"/>
    <property name="sun.os.patch.level" value="unknown"/>
    <property name="java.vm.specification.name" value="Java Virtual Machine Specification"/>
    <property name="user.dir" value="/Users/Ana/Documents/Work/DatalogModules/PrisM"/>
    <property name="java.runtime.version" value="1.7.0_55-b13"/>
    <property name="java.awt.graphicsenv" value="sun.awt.CGraphicsEnvironment"/>
    <property name="java.endorsed.dirs" value="/Library/Java/JavaVirtualMachines/jdk1.7.0_55.jdk/Contents/Home/jre/lib/endorsed"/>
    <property name="os.arch" value="x86_64"/>
    <property name="java.io.tmpdir" value="/var/folders/q9/9g12t_zj3j7457kz6hlywz3r0000gn/T/"/>
    <property name="line.separator" value="
"/>
    <property name="java.vm.specification.vendor" value="Oracle Corporation"/>
    <property name="os.name" value="Mac OS X"/>
    <property name="classworlds.conf" value="/usr/local/Cellar/maven/3.3.3/libexec/bin/m2.conf"/>
    <property name="sun.jnu.encoding" value="UTF-8"/>
    <property name="java.library.path" value="/Users/Ana/Library/Java/Extensions:/Library/Java/Extensions:/Network/Library/Java/Extensions:/System/Library/Java/Extensions:/usr/lib/java:."/>
    <property name="java.specification.name" value="Java Platform API Specification"/>
    <property name="java.class.version" value="51.0"/>
    <property name="sun.management.compiler" value="HotSpot 64-Bit Tiered Compilers"/>
    <property name="os.version" value="10.10.4"/>
    <property name="http.nonProxyHosts" value="local|*.local|169.254/16|*.169.254/16"/>
    <property name="user.home" value="/Users/Ana"/>
    <property name="user.timezone" value="Europe/London"/>
    <property name="java.awt.printerjob" value="sun.lwawt.macosx.CPrinterJob"/>
    <property name="java.specification.version" value="1.7"/>
    <property name="file.encoding" value="UTF-8"/>
    <property name="user.name" value="Ana"/>
    <property name="java.class.path" value="/usr/local/Cellar/maven/3.3.3/libexec/boot/plexus-classworlds-2.5.2.jar"/>
    <property name="java.vm.specification.version" value="1.7"/>
    <property name="sun.arch.data.model" value="64"/>
    <property name="java.home" value="/Library/Java/JavaVirtualMachines/jdk1.7.0_55.jdk/Contents/Home/jre"/>
    <property name="sun.java.command" value="org.codehaus.plexus.classworlds.launcher.Launcher install"/>
    <property name="java.specification.vendor" value="Oracle Corporation"/>
    <property name="user.language" value="en"/>
    <property name="awt.toolkit" value="sun.lwawt.macosx.LWCToolkit"/>
    <property name="java.vm.info" value="mixed mode"/>
    <property name="java.version" value="1.7.0_55"/>
    <property name="java.ext.dirs" value="/Users/Ana/Library/Java/Extensions:/Library/Java/JavaVirtualMachines/jdk1.7.0_55.jdk/Contents/Home/jre/lib/ext:/Library/Java/Extensions:/Network/Library/Java/Extensions:/System/Library/Java/Extensions:/usr/lib/java"/>
    <property name="sun.boot.class.path" value="/Library/Java/JavaVirtualMachines/jdk1.7.0_55.jdk/Contents/Home/jre/lib/resources.jar:/Library/Java/JavaVirtualMachines/jdk1.7.0_55.jdk/Contents/Home/jre/lib/rt.jar:/Library/Java/JavaVirtualMachines/jdk1.7.0_55.jdk/Contents/Home/jre/lib/sunrsasign.jar:/Library/Java/JavaVirtualMachines/jdk1.7.0_55.jdk/Contents/Home/jre/lib/jsse.jar:/Library/Java/JavaVirtualMachines/jdk1.7.0_55.jdk/Contents/Home/jre/lib/jce.jar:/Library/Java/JavaVirtualMachines/jdk1.7.0_55.jdk/Contents/Home/jre/lib/charsets.jar:/Library/Java/JavaVirtualMachines/jdk1.7.0_55.jdk/Contents/Home/jre/lib/jfr.jar:/Library/Java/JavaVirtualMachines/jdk1.7.0_55.jdk/Contents/Home/jre/classes"/>
    <property name="java.vendor" value="Oracle Corporation"/>
    <property name="maven.home" value="/usr/local/Cellar/maven/3.3.3/libexec"/>
    <property name="file.separator" value="/"/>
    <property name="java.vendor.url.bug" value="http://bugreport.sun.com/bugreport/"/>
    <property name="sun.cpu.endian" value="little"/>
    <property name="sun.io.unicode.encoding" value="UnicodeBig"/>
    <property name="socksNonProxyHosts" value="local|*.local|169.254/16|*.169.254/16"/>
    <property name="ftp.nonProxyHosts" value="local|*.local|169.254/16|*.169.254/16"/>
    <property name="sun.cpu.isalist" value=""/>
  </properties>
  <testcase time="0.44" classname="jUnit.TailoredModulesExtractorTest" name="RoleInstatiationInClassificationModulesTest">
    <error message="java.io.FileNotFoundException: /Users/Ana/Documents/Work/DatalogModules/PrisM/output/ABox.owl (No such file or directory)" type="org.semanticweb.owlapi.io.OWLOntologyInputSourceException">org.semanticweb.owlapi.io.OWLOntologyInputSourceException: java.io.FileNotFoundException: /Users/Ana/Documents/Work/DatalogModules/PrisM/output/ABox.owl (No such file or directory)
	at org.semanticweb.owlapi.io.FileDocumentSource.getInputStream(FileDocumentSource.java:83)
	at org.semanticweb.owlapi.io.FileDocumentSource.getReader(FileDocumentSource.java:95)
	at org.semanticweb.owlapi.io.AbstractOWLParser.getInputSource(AbstractOWLParser.java:222)
	at org.coode.owlapi.rdfxml.parser.RDFXMLParser.parse(RDFXMLParser.java:116)
	at uk.ac.manchester.cs.owl.owlapi.ParsableOWLOntologyFactory.loadOWLOntology(ParsableOWLOntologyFactory.java:204)
	at uk.ac.manchester.cs.owl.owlapi.OWLOntologyManagerImpl.loadOntology(OWLOntologyManagerImpl.java:827)
	at uk.ac.manchester.cs.owl.owlapi.OWLOntologyManagerImpl.loadOntologyFromOntologyDocument(OWLOntologyManagerImpl.java:771)
	at uk.ac.manchester.cs.owl.owlapi.OWLOntologyManagerImpl.loadOntologyFromOntologyDocument(OWLOntologyManagerImpl.java:784)
	at uk.ac.ox.cs.pagoda.owl.OWLHelper.loadOntology(OWLHelper.java:67)
	at uk.ac.ox.cs.pagoda.owl.OWLHelper.loadOntology(OWLHelper.java:77)
	at uk.ac.ox.cs.prism.ModuleExtractionUpperProgram.load(ModuleExtractionUpperProgram.java:99)
	at uk.ac.ox.cs.prism.PrisM.initProgram(PrisM.java:180)
	at uk.ac.ox.cs.prism.PrisM.extract(PrisM.java:98)
	at uk.ac.ox.cs.prism.PrisM.extract(PrisM.java:90)
	at jUnit.TailoredModulesExtractorTest.RoleInstatiationInClassificationModulesTest(TailoredModulesExtractorTest.java:59)
	at sun.reflect.NativeMethodAccessorImpl.invoke0(Native Method)
	at sun.reflect.NativeMethodAccessorImpl.invoke(NativeMethodAccessorImpl.java:57)
	at sun.reflect.DelegatingMethodAccessorImpl.invoke(DelegatingMethodAccessorImpl.java:43)
	at java.lang.reflect.Method.invoke(Method.java:606)
	at org.junit.runners.model.FrameworkMethod$1.runReflectiveCall(FrameworkMethod.java:45)
	at org.junit.internal.runners.model.ReflectiveCallable.run(ReflectiveCallable.java:15)
	at org.junit.runners.model.FrameworkMethod.invokeExplosively(FrameworkMethod.java:42)
	at org.junit.internal.runners.statements.InvokeMethod.evaluate(InvokeMethod.java:20)
	at org.junit.runners.ParentRunner.runLeaf(ParentRunner.java:263)
	at org.junit.runners.BlockJUnit4ClassRunner.runChild(BlockJUnit4ClassRunner.java:68)
	at org.junit.runners.BlockJUnit4ClassRunner.runChild(BlockJUnit4ClassRunner.java:47)
	at org.junit.runners.ParentRunner$3.run(ParentRunner.java:231)
	at org.junit.runners.ParentRunner$1.schedule(ParentRunner.java:60)
	at org.junit.runners.ParentRunner.runChildren(ParentRunner.java:229)
	at org.junit.runners.ParentRunner.access$000(ParentRunner.java:50)
	at org.junit.runners.ParentRunner$2.evaluate(ParentRunner.java:222)
	at org.junit.runners.ParentRunner.run(ParentRunner.java:300)
	at org.apache.maven.surefire.junit4.JUnit4Provider.execute(JUnit4Provider.java:252)
	at org.apache.maven.surefire.junit4.JUnit4Provider.executeTestSet(JUnit4Provider.java:141)
	at org.apache.maven.surefire.junit4.JUnit4Provider.invoke(JUnit4Provider.java:112)
	at sun.reflect.NativeMethodAccessorImpl.invoke0(Native Method)
	at sun.reflect.NativeMethodAccessorImpl.invoke(NativeMethodAccessorImpl.java:57)
	at sun.reflect.DelegatingMethodAccessorImpl.invoke(DelegatingMethodAccessorImpl.java:43)
	at java.lang.reflect.Method.invoke(Method.java:606)
	at org.apache.maven.surefire.util.ReflectionUtils.invokeMethodWithArray(ReflectionUtils.java:189)
	at org.apache.maven.surefire.booter.ProviderFactory$ProviderProxy.invoke(ProviderFactory.java:165)
	at org.apache.maven.surefire.booter.ProviderFactory.invokeProvider(ProviderFactory.java:85)
	at org.apache.maven.surefire.booter.ForkedBooter.runSuitesInProcess(ForkedBooter.java:115)
	at org.apache.maven.surefire.booter.ForkedBooter.main(ForkedBooter.java:75)
Caused by: java.io.FileNotFoundException: /Users/Ana/Documents/Work/DatalogModules/PrisM/output/ABox.owl (No such file or directory)
	at java.io.FileInputStream.open(Native Method)
	at java.io.FileInputStream.&lt;init&gt;(FileInputStream.java:146)
	at org.semanticweb.owlapi.io.FileDocumentSource.getInputStream(FileDocumentSource.java:81)
	... 43 more
</error>
    <system-err>log4j:WARN No appenders could be found for logger (org.semanticweb.tmextractor).
log4j:WARN Please initialize the log4j system properly.
log4j:WARN See http://logging.apache.org/log4j/1.2/faq.html#noconfig for more info.
java.io.FileNotFoundException: /Users/Ana/Documents/Work/DatalogModules/PrisM/output/ABox.owl (No such file or directory)
	at java.io.FileOutputStream.open(Native Method)
	at java.io.FileOutputStream.&lt;init&gt;(FileOutputStream.java:221)
	at java.io.FileOutputStream.&lt;init&gt;(FileOutputStream.java:110)
	at uk.ac.ox.cs.pagoda.approx.RLPlusOntology.load(RLPlusOntology.java:123)
	at uk.ac.ox.cs.prism.ModuleExtractionUpperProgram.load(ModuleExtractionUpperProgram.java:87)
	at uk.ac.ox.cs.prism.PrisM.initProgram(PrisM.java:180)
	at uk.ac.ox.cs.prism.PrisM.extract(PrisM.java:98)
	at uk.ac.ox.cs.prism.PrisM.extract(PrisM.java:90)
	at jUnit.TailoredModulesExtractorTest.RoleInstatiationInClassificationModulesTest(TailoredModulesExtractorTest.java:59)
	at sun.reflect.NativeMethodAccessorImpl.invoke0(Native Method)
	at sun.reflect.NativeMethodAccessorImpl.invoke(NativeMethodAccessorImpl.java:57)
	at sun.reflect.DelegatingMethodAccessorImpl.invoke(DelegatingMethodAccessorImpl.java:43)
	at java.lang.reflect.Method.invoke(Method.java:606)
	at org.junit.runners.model.FrameworkMethod$1.runReflectiveCall(FrameworkMethod.java:45)
	at org.junit.internal.runners.model.ReflectiveCallable.run(ReflectiveCallable.java:15)
	at org.junit.runners.model.FrameworkMethod.invokeExplosively(FrameworkMethod.java:42)
	at org.junit.internal.runners.statements.InvokeMethod.evaluate(InvokeMethod.java:20)
	at org.junit.runners.ParentRunner.runLeaf(ParentRunner.java:263)
	at org.junit.runners.BlockJUnit4ClassRunner.runChild(BlockJUnit4ClassRunner.java:68)
	at org.junit.runners.BlockJUnit4ClassRunner.runChild(BlockJUnit4ClassRunner.java:47)
	at org.junit.runners.ParentRunner$3.run(ParentRunner.java:231)
	at org.junit.runners.ParentRunner$1.schedule(ParentRunner.java:60)
	at org.junit.runners.ParentRunner.runChildren(ParentRunner.java:229)
	at org.junit.runners.ParentRunner.access$000(ParentRunner.java:50)
	at org.junit.runners.ParentRunner$2.evaluate(ParentRunner.java:222)
	at org.junit.runners.ParentRunner.run(ParentRunner.java:300)
	at org.apache.maven.surefire.junit4.JUnit4Provider.execute(JUnit4Provider.java:252)
	at org.apache.maven.surefire.junit4.JUnit4Provider.executeTestSet(JUnit4Provider.java:141)
	at org.apache.maven.surefire.junit4.JUnit4Provider.invoke(JUnit4Provider.java:112)
	at sun.reflect.NativeMethodAccessorImpl.invoke0(Native Method)
	at sun.reflect.NativeMethodAccessorImpl.invoke(NativeMethodAccessorImpl.java:57)
	at sun.reflect.DelegatingMethodAccessorImpl.invoke(DelegatingMethodAccessorImpl.java:43)
	at java.lang.reflect.Method.invoke(Method.java:606)
	at org.apache.maven.surefire.util.ReflectionUtils.invokeMethodWithArray(ReflectionUtils.java:189)
	at org.apache.maven.surefire.booter.ProviderFactory$ProviderProxy.invoke(ProviderFactory.java:165)
	at org.apache.maven.surefire.booter.ProviderFactory.invokeProvider(ProviderFactory.java:85)
	at org.apache.maven.surefire.booter.ForkedBooter.runSuitesInProcess(ForkedBooter.java:115)
	at org.apache.maven.surefire.booter.ForkedBooter.main(ForkedBooter.java:75)
</system-err>
  </testcase>
  <testcase time="0.014" classname="jUnit.TailoredModulesExtractorTest" name="RoleInstatiationInClassificationModulesTest2">
    <error message="java.io.FileNotFoundException: /Users/Ana/Documents/Work/DatalogModules/PrisM/output/ABox.owl (No such file or directory)" type="org.semanticweb.owlapi.io.OWLOntologyInputSourceException">org.semanticweb.owlapi.io.OWLOntologyInputSourceException: java.io.FileNotFoundException: /Users/Ana/Documents/Work/DatalogModules/PrisM/output/ABox.owl (No such file or directory)
	at org.semanticweb.owlapi.io.FileDocumentSource.getInputStream(FileDocumentSource.java:83)
	at org.semanticweb.owlapi.io.FileDocumentSource.getReader(FileDocumentSource.java:95)
	at org.semanticweb.owlapi.io.AbstractOWLParser.getInputSource(AbstractOWLParser.java:222)
	at org.coode.owlapi.rdfxml.parser.RDFXMLParser.parse(RDFXMLParser.java:116)
	at uk.ac.manchester.cs.owl.owlapi.ParsableOWLOntologyFactory.loadOWLOntology(ParsableOWLOntologyFactory.java:204)
	at uk.ac.manchester.cs.owl.owlapi.OWLOntologyManagerImpl.loadOntology(OWLOntologyManagerImpl.java:827)
	at uk.ac.manchester.cs.owl.owlapi.OWLOntologyManagerImpl.loadOntologyFromOntologyDocument(OWLOntologyManagerImpl.java:771)
	at uk.ac.manchester.cs.owl.owlapi.OWLOntologyManagerImpl.loadOntologyFromOntologyDocument(OWLOntologyManagerImpl.java:784)
	at uk.ac.ox.cs.pagoda.owl.OWLHelper.loadOntology(OWLHelper.java:67)
	at uk.ac.ox.cs.pagoda.owl.OWLHelper.loadOntology(OWLHelper.java:77)
	at uk.ac.ox.cs.prism.ModuleExtractionUpperProgram.load(ModuleExtractionUpperProgram.java:99)
	at uk.ac.ox.cs.prism.PrisM.initProgram(PrisM.java:180)
	at uk.ac.ox.cs.prism.PrisM.extract(PrisM.java:98)
	at uk.ac.ox.cs.prism.PrisM.extract(PrisM.java:90)
	at jUnit.TailoredModulesExtractorTest.RoleInstatiationInClassificationModulesTest2(TailoredModulesExtractorTest.java:101)
	at sun.reflect.NativeMethodAccessorImpl.invoke0(Native Method)
	at sun.reflect.NativeMethodAccessorImpl.invoke(NativeMethodAccessorImpl.java:57)
	at sun.reflect.DelegatingMethodAccessorImpl.invoke(DelegatingMethodAccessorImpl.java:43)
	at java.lang.reflect.Method.invoke(Method.java:606)
	at org.junit.runners.model.FrameworkMethod$1.runReflectiveCall(FrameworkMethod.java:45)
	at org.junit.internal.runners.model.ReflectiveCallable.run(ReflectiveCallable.java:15)
	at org.junit.runners.model.FrameworkMethod.invokeExplosively(FrameworkMethod.java:42)
	at org.junit.internal.runners.statements.InvokeMethod.evaluate(InvokeMethod.java:20)
	at org.junit.runners.ParentRunner.runLeaf(ParentRunner.java:263)
	at org.junit.runners.BlockJUnit4ClassRunner.runChild(BlockJUnit4ClassRunner.java:68)
	at org.junit.runners.BlockJUnit4ClassRunner.runChild(BlockJUnit4ClassRunner.java:47)
	at org.junit.runners.ParentRunner$3.run(ParentRunner.java:231)
	at org.junit.runners.ParentRunner$1.schedule(ParentRunner.java:60)
	at org.junit.runners.ParentRunner.runChildren(ParentRunner.java:229)
	at org.junit.runners.ParentRunner.access$000(ParentRunner.java:50)
	at org.junit.runners.ParentRunner$2.evaluate(ParentRunner.java:222)
	at org.junit.runners.ParentRunner.run(ParentRunner.java:300)
	at org.apache.maven.surefire.junit4.JUnit4Provider.execute(JUnit4Provider.java:252)
	at org.apache.maven.surefire.junit4.JUnit4Provider.executeTestSet(JUnit4Provider.java:141)
	at org.apache.maven.surefire.junit4.JUnit4Provider.invoke(JUnit4Provider.java:112)
	at sun.reflect.NativeMethodAccessorImpl.invoke0(Native Method)
	at sun.reflect.NativeMethodAccessorImpl.invoke(NativeMethodAccessorImpl.java:57)
	at sun.reflect.DelegatingMethodAccessorImpl.invoke(DelegatingMethodAccessorImpl.java:43)
	at java.lang.reflect.Method.invoke(Method.java:606)
	at org.apache.maven.surefire.util.ReflectionUtils.invokeMethodWithArray(ReflectionUtils.java:189)
	at org.apache.maven.surefire.booter.ProviderFactory$ProviderProxy.invoke(ProviderFactory.java:165)
	at org.apache.maven.surefire.booter.ProviderFactory.invokeProvider(ProviderFactory.java:85)
	at org.apache.maven.surefire.booter.ForkedBooter.runSuitesInProcess(ForkedBooter.java:115)
	at org.apache.maven.surefire.booter.ForkedBooter.main(ForkedBooter.java:75)
Caused by: java.io.FileNotFoundException: /Users/Ana/Documents/Work/DatalogModules/PrisM/output/ABox.owl (No such file or directory)
	at java.io.FileInputStream.open(Native Method)
	at java.io.FileInputStream.&lt;init&gt;(FileInputStream.java:146)
	at org.semanticweb.owlapi.io.FileDocumentSource.getInputStream(FileDocumentSource.java:81)
	... 43 more
</error>
    <system-err>java.io.FileNotFoundException: /Users/Ana/Documents/Work/DatalogModules/PrisM/output/ABox.owl (No such file or directory)
	at java.io.FileOutputStream.open(Native Method)
	at java.io.FileOutputStream.&lt;init&gt;(FileOutputStream.java:221)
	at java.io.FileOutputStream.&lt;init&gt;(FileOutputStream.java:110)
	at uk.ac.ox.cs.pagoda.approx.RLPlusOntology.load(RLPlusOntology.java:123)
	at uk.ac.ox.cs.prism.ModuleExtractionUpperProgram.load(ModuleExtractionUpperProgram.java:87)
	at uk.ac.ox.cs.prism.PrisM.initProgram(PrisM.java:180)
	at uk.ac.ox.cs.prism.PrisM.extract(PrisM.java:98)
	at uk.ac.ox.cs.prism.PrisM.extract(PrisM.java:90)
	at jUnit.TailoredModulesExtractorTest.RoleInstatiationInClassificationModulesTest2(TailoredModulesExtractorTest.java:101)
	at sun.reflect.NativeMethodAccessorImpl.invoke0(Native Method)
	at sun.reflect.NativeMethodAccessorImpl.invoke(NativeMethodAccessorImpl.java:57)
	at sun.reflect.DelegatingMethodAccessorImpl.invoke(DelegatingMethodAccessorImpl.java:43)
	at java.lang.reflect.Method.invoke(Method.java:606)
	at org.junit.runners.model.FrameworkMethod$1.runReflectiveCall(FrameworkMethod.java:45)
	at org.junit.internal.runners.model.ReflectiveCallable.run(ReflectiveCallable.java:15)
	at org.junit.runners.model.FrameworkMethod.invokeExplosively(FrameworkMethod.java:42)
	at org.junit.internal.runners.statements.InvokeMethod.evaluate(InvokeMethod.java:20)
	at org.junit.runners.ParentRunner.runLeaf(ParentRunner.java:263)
	at org.junit.runners.BlockJUnit4ClassRunner.runChild(BlockJUnit4ClassRunner.java:68)
	at org.junit.runners.BlockJUnit4ClassRunner.runChild(BlockJUnit4ClassRunner.java:47)
	at org.junit.runners.ParentRunner$3.run(ParentRunner.java:231)
	at org.junit.runners.ParentRunner$1.schedule(ParentRunner.java:60)
	at org.junit.runners.ParentRunner.runChildren(ParentRunner.java:229)
	at org.junit.runners.ParentRunner.access$000(ParentRunner.java:50)
	at org.junit.runners.ParentRunner$2.evaluate(ParentRunner.java:222)
	at org.junit.runners.ParentRunner.run(ParentRunner.java:300)
	at org.apache.maven.surefire.junit4.JUnit4Provider.execute(JUnit4Provider.java:252)
	at org.apache.maven.surefire.junit4.JUnit4Provider.executeTestSet(JUnit4Provider.java:141)
	at org.apache.maven.surefire.junit4.JUnit4Provider.invoke(JUnit4Provider.java:112)
	at sun.reflect.NativeMethodAccessorImpl.invoke0(Native Method)
	at sun.reflect.NativeMethodAccessorImpl.invoke(NativeMethodAccessorImpl.java:57)
	at sun.reflect.DelegatingMethodAccessorImpl.invoke(DelegatingMethodAccessorImpl.java:43)
	at java.lang.reflect.Method.invoke(Method.java:606)
	at org.apache.maven.surefire.util.ReflectionUtils.invokeMethodWithArray(ReflectionUtils.java:189)
	at org.apache.maven.surefire.booter.ProviderFactory$ProviderProxy.invoke(ProviderFactory.java:165)
	at org.apache.maven.surefire.booter.ProviderFactory.invokeProvider(ProviderFactory.java:85)
	at org.apache.maven.surefire.booter.ForkedBooter.runSuitesInProcess(ForkedBooter.java:115)
	at org.apache.maven.surefire.booter.ForkedBooter.main(ForkedBooter.java:75)
</system-err>
  </testcase>
  <testcase time="0.014" classname="jUnit.TailoredModulesExtractorTest" name="NotRetrievingProofsForTautologiesInClassificationTest">
    <error message="java.io.FileNotFoundException: /Users/Ana/Documents/Work/DatalogModules/PrisM/output/ABox.owl (No such file or directory)" type="org.semanticweb.owlapi.io.OWLOntologyInputSourceException">org.semanticweb.owlapi.io.OWLOntologyInputSourceException: java.io.FileNotFoundException: /Users/Ana/Documents/Work/DatalogModules/PrisM/output/ABox.owl (No such file or directory)
	at org.semanticweb.owlapi.io.FileDocumentSource.getInputStream(FileDocumentSource.java:83)
	at org.semanticweb.owlapi.io.FileDocumentSource.getReader(FileDocumentSource.java:95)
	at org.semanticweb.owlapi.io.AbstractOWLParser.getInputSource(AbstractOWLParser.java:222)
	at org.coode.owlapi.rdfxml.parser.RDFXMLParser.parse(RDFXMLParser.java:116)
	at uk.ac.manchester.cs.owl.owlapi.ParsableOWLOntologyFactory.loadOWLOntology(ParsableOWLOntologyFactory.java:204)
	at uk.ac.manchester.cs.owl.owlapi.OWLOntologyManagerImpl.loadOntology(OWLOntologyManagerImpl.java:827)
	at uk.ac.manchester.cs.owl.owlapi.OWLOntologyManagerImpl.loadOntologyFromOntologyDocument(OWLOntologyManagerImpl.java:771)
	at uk.ac.manchester.cs.owl.owlapi.OWLOntologyManagerImpl.loadOntologyFromOntologyDocument(OWLOntologyManagerImpl.java:784)
	at uk.ac.ox.cs.pagoda.owl.OWLHelper.loadOntology(OWLHelper.java:67)
	at uk.ac.ox.cs.pagoda.owl.OWLHelper.loadOntology(OWLHelper.java:77)
	at uk.ac.ox.cs.prism.ModuleExtractionUpperProgram.load(ModuleExtractionUpperProgram.java:99)
	at uk.ac.ox.cs.prism.PrisM.initProgram(PrisM.java:180)
	at uk.ac.ox.cs.prism.PrisM.extract(PrisM.java:98)
	at uk.ac.ox.cs.prism.PrisM.extract(PrisM.java:90)
	at jUnit.TailoredModulesExtractorTest.NotRetrievingProofsForTautologiesInClassificationTest(TailoredModulesExtractorTest.java:134)
	at sun.reflect.NativeMethodAccessorImpl.invoke0(Native Method)
	at sun.reflect.NativeMethodAccessorImpl.invoke(NativeMethodAccessorImpl.java:57)
	at sun.reflect.DelegatingMethodAccessorImpl.invoke(DelegatingMethodAccessorImpl.java:43)
	at java.lang.reflect.Method.invoke(Method.java:606)
	at org.junit.runners.model.FrameworkMethod$1.runReflectiveCall(FrameworkMethod.java:45)
	at org.junit.internal.runners.model.ReflectiveCallable.run(ReflectiveCallable.java:15)
	at org.junit.runners.model.FrameworkMethod.invokeExplosively(FrameworkMethod.java:42)
	at org.junit.internal.runners.statements.InvokeMethod.evaluate(InvokeMethod.java:20)
	at org.junit.runners.ParentRunner.runLeaf(ParentRunner.java:263)
	at org.junit.runners.BlockJUnit4ClassRunner.runChild(BlockJUnit4ClassRunner.java:68)
	at org.junit.runners.BlockJUnit4ClassRunner.runChild(BlockJUnit4ClassRunner.java:47)
	at org.junit.runners.ParentRunner$3.run(ParentRunner.java:231)
	at org.junit.runners.ParentRunner$1.schedule(ParentRunner.java:60)
	at org.junit.runners.ParentRunner.runChildren(ParentRunner.java:229)
	at org.junit.runners.ParentRunner.access$000(ParentRunner.java:50)
	at org.junit.runners.ParentRunner$2.evaluate(ParentRunner.java:222)
	at org.junit.runners.ParentRunner.run(ParentRunner.java:300)
	at org.apache.maven.surefire.junit4.JUnit4Provider.execute(JUnit4Provider.java:252)
	at org.apache.maven.surefire.junit4.JUnit4Provider.executeTestSet(JUnit4Provider.java:141)
	at org.apache.maven.surefire.junit4.JUnit4Provider.invoke(JUnit4Provider.java:112)
	at sun.reflect.NativeMethodAccessorImpl.invoke0(Native Method)
	at sun.reflect.NativeMethodAccessorImpl.invoke(NativeMethodAccessorImpl.java:57)
	at sun.reflect.DelegatingMethodAccessorImpl.invoke(DelegatingMethodAccessorImpl.java:43)
	at java.lang.reflect.Method.invoke(Method.java:606)
	at org.apache.maven.surefire.util.ReflectionUtils.invokeMethodWithArray(ReflectionUtils.java:189)
	at org.apache.maven.surefire.booter.ProviderFactory$ProviderProxy.invoke(ProviderFactory.java:165)
	at org.apache.maven.surefire.booter.ProviderFactory.invokeProvider(ProviderFactory.java:85)
	at org.apache.maven.surefire.booter.ForkedBooter.runSuitesInProcess(ForkedBooter.java:115)
	at org.apache.maven.surefire.booter.ForkedBooter.main(ForkedBooter.java:75)
Caused by: java.io.FileNotFoundException: /Users/Ana/Documents/Work/DatalogModules/PrisM/output/ABox.owl (No such file or directory)
	at java.io.FileInputStream.open(Native Method)
	at java.io.FileInputStream.&lt;init&gt;(FileInputStream.java:146)
	at org.semanticweb.owlapi.io.FileDocumentSource.getInputStream(FileDocumentSource.java:81)
	... 43 more
</error>
    <system-err>java.io.FileNotFoundException: /Users/Ana/Documents/Work/DatalogModules/PrisM/output/ABox.owl (No such file or directory)
	at java.io.FileOutputStream.open(Native Method)
	at java.io.FileOutputStream.&lt;init&gt;(FileOutputStream.java:221)
	at java.io.FileOutputStream.&lt;init&gt;(FileOutputStream.java:110)
	at uk.ac.ox.cs.pagoda.approx.RLPlusOntology.load(RLPlusOntology.java:123)
	at uk.ac.ox.cs.prism.ModuleExtractionUpperProgram.load(ModuleExtractionUpperProgram.java:87)
	at uk.ac.ox.cs.prism.PrisM.initProgram(PrisM.java:180)
	at uk.ac.ox.cs.prism.PrisM.extract(PrisM.java:98)
	at uk.ac.ox.cs.prism.PrisM.extract(PrisM.java:90)
	at jUnit.TailoredModulesExtractorTest.NotRetrievingProofsForTautologiesInClassificationTest(TailoredModulesExtractorTest.java:134)
	at sun.reflect.NativeMethodAccessorImpl.invoke0(Native Method)
	at sun.reflect.NativeMethodAccessorImpl.invoke(NativeMethodAccessorImpl.java:57)
	at sun.reflect.DelegatingMethodAccessorImpl.invoke(DelegatingMethodAccessorImpl.java:43)
	at java.lang.reflect.Method.invoke(Method.java:606)
	at org.junit.runners.model.FrameworkMethod$1.runReflectiveCall(FrameworkMethod.java:45)
	at org.junit.internal.runners.model.ReflectiveCallable.run(ReflectiveCallable.java:15)
	at org.junit.runners.model.FrameworkMethod.invokeExplosively(FrameworkMethod.java:42)
	at org.junit.internal.runners.statements.InvokeMethod.evaluate(InvokeMethod.java:20)
	at org.junit.runners.ParentRunner.runLeaf(ParentRunner.java:263)
	at org.junit.runners.BlockJUnit4ClassRunner.runChild(BlockJUnit4ClassRunner.java:68)
	at org.junit.runners.BlockJUnit4ClassRunner.runChild(BlockJUnit4ClassRunner.java:47)
	at org.junit.runners.ParentRunner$3.run(ParentRunner.java:231)
	at org.junit.runners.ParentRunner$1.schedule(ParentRunner.java:60)
	at org.junit.runners.ParentRunner.runChildren(ParentRunner.java:229)
	at org.junit.runners.ParentRunner.access$000(ParentRunner.java:50)
	at org.junit.runners.ParentRunner$2.evaluate(ParentRunner.java:222)
	at org.junit.runners.ParentRunner.run(ParentRunner.java:300)
	at org.apache.maven.surefire.junit4.JUnit4Provider.execute(JUnit4Provider.java:252)
	at org.apache.maven.surefire.junit4.JUnit4Provider.executeTestSet(JUnit4Provider.java:141)
	at org.apache.maven.surefire.junit4.JUnit4Provider.invoke(JUnit4Provider.java:112)
	at sun.reflect.NativeMethodAccessorImpl.invoke0(Native Method)
	at sun.reflect.NativeMethodAccessorImpl.invoke(NativeMethodAccessorImpl.java:57)
	at sun.reflect.DelegatingMethodAccessorImpl.invoke(DelegatingMethodAccessorImpl.java:43)
	at java.lang.reflect.Method.invoke(Method.java:606)
	at org.apache.maven.surefire.util.ReflectionUtils.invokeMethodWithArray(ReflectionUtils.java:189)
	at org.apache.maven.surefire.booter.ProviderFactory$ProviderProxy.invoke(ProviderFactory.java:165)
	at org.apache.maven.surefire.booter.ProviderFactory.invokeProvider(ProviderFactory.java:85)
	at org.apache.maven.surefire.booter.ForkedBooter.runSuitesInProcess(ForkedBooter.java:115)
	at org.apache.maven.surefire.booter.ForkedBooter.main(ForkedBooter.java:75)
</system-err>
  </testcase>
  <testcase time="0.034" classname="jUnit.TailoredModulesExtractorTest" name="RunningExampleImplicationInsepTest">
    <error message="java.io.FileNotFoundException: /Users/Ana/Documents/Work/DatalogModules/PrisM/output/ABox.owl (No such file or directory)" type="org.semanticweb.owlapi.io.OWLOntologyInputSourceException">org.semanticweb.owlapi.io.OWLOntologyInputSourceException: java.io.FileNotFoundException: /Users/Ana/Documents/Work/DatalogModules/PrisM/output/ABox.owl (No such file or directory)
	at org.semanticweb.owlapi.io.FileDocumentSource.getInputStream(FileDocumentSource.java:83)
	at org.semanticweb.owlapi.io.FileDocumentSource.getReader(FileDocumentSource.java:95)
	at org.semanticweb.owlapi.io.AbstractOWLParser.getInputSource(AbstractOWLParser.java:222)
	at org.coode.owlapi.rdfxml.parser.RDFXMLParser.parse(RDFXMLParser.java:116)
	at uk.ac.manchester.cs.owl.owlapi.ParsableOWLOntologyFactory.loadOWLOntology(ParsableOWLOntologyFactory.java:204)
	at uk.ac.manchester.cs.owl.owlapi.OWLOntologyManagerImpl.loadOntology(OWLOntologyManagerImpl.java:827)
	at uk.ac.manchester.cs.owl.owlapi.OWLOntologyManagerImpl.loadOntologyFromOntologyDocument(OWLOntologyManagerImpl.java:771)
	at uk.ac.manchester.cs.owl.owlapi.OWLOntologyManagerImpl.loadOntologyFromOntologyDocument(OWLOntologyManagerImpl.java:784)
	at uk.ac.ox.cs.pagoda.owl.OWLHelper.loadOntology(OWLHelper.java:67)
	at uk.ac.ox.cs.pagoda.owl.OWLHelper.loadOntology(OWLHelper.java:77)
	at uk.ac.ox.cs.prism.ModuleExtractionUpperProgram.load(ModuleExtractionUpperProgram.java:99)
	at uk.ac.ox.cs.prism.PrisM.initProgram(PrisM.java:180)
	at uk.ac.ox.cs.prism.PrisM.extract(PrisM.java:98)
	at uk.ac.ox.cs.prism.PrisM.extract(PrisM.java:90)
	at jUnit.TailoredModulesExtractorTest.RunningExampleImplicationInsepTest(TailoredModulesExtractorTest.java:189)
	at sun.reflect.NativeMethodAccessorImpl.invoke0(Native Method)
	at sun.reflect.NativeMethodAccessorImpl.invoke(NativeMethodAccessorImpl.java:57)
	at sun.reflect.DelegatingMethodAccessorImpl.invoke(DelegatingMethodAccessorImpl.java:43)
	at java.lang.reflect.Method.invoke(Method.java:606)
	at org.junit.runners.model.FrameworkMethod$1.runReflectiveCall(FrameworkMethod.java:45)
	at org.junit.internal.runners.model.ReflectiveCallable.run(ReflectiveCallable.java:15)
	at org.junit.runners.model.FrameworkMethod.invokeExplosively(FrameworkMethod.java:42)
	at org.junit.internal.runners.statements.InvokeMethod.evaluate(InvokeMethod.java:20)
	at org.junit.runners.ParentRunner.runLeaf(ParentRunner.java:263)
	at org.junit.runners.BlockJUnit4ClassRunner.runChild(BlockJUnit4ClassRunner.java:68)
	at org.junit.runners.BlockJUnit4ClassRunner.runChild(BlockJUnit4ClassRunner.java:47)
	at org.junit.runners.ParentRunner$3.run(ParentRunner.java:231)
	at org.junit.runners.ParentRunner$1.schedule(ParentRunner.java:60)
	at org.junit.runners.ParentRunner.runChildren(ParentRunner.java:229)
	at org.junit.runners.ParentRunner.access$000(ParentRunner.java:50)
	at org.junit.runners.ParentRunner$2.evaluate(ParentRunner.java:222)
	at org.junit.runners.ParentRunner.run(ParentRunner.java:300)
	at org.apache.maven.surefire.junit4.JUnit4Provider.execute(JUnit4Provider.java:252)
	at org.apache.maven.surefire.junit4.JUnit4Provider.executeTestSet(JUnit4Provider.java:141)
	at org.apache.maven.surefire.junit4.JUnit4Provider.invoke(JUnit4Provider.java:112)
	at sun.reflect.NativeMethodAccessorImpl.invoke0(Native Method)
	at sun.reflect.NativeMethodAccessorImpl.invoke(NativeMethodAccessorImpl.java:57)
	at sun.reflect.DelegatingMethodAccessorImpl.invoke(DelegatingMethodAccessorImpl.java:43)
	at java.lang.reflect.Method.invoke(Method.java:606)
	at org.apache.maven.surefire.util.ReflectionUtils.invokeMethodWithArray(ReflectionUtils.java:189)
	at org.apache.maven.surefire.booter.ProviderFactory$ProviderProxy.invoke(ProviderFactory.java:165)
	at org.apache.maven.surefire.booter.ProviderFactory.invokeProvider(ProviderFactory.java:85)
	at org.apache.maven.surefire.booter.ForkedBooter.runSuitesInProcess(ForkedBooter.java:115)
	at org.apache.maven.surefire.booter.ForkedBooter.main(ForkedBooter.java:75)
Caused by: java.io.FileNotFoundException: /Users/Ana/Documents/Work/DatalogModules/PrisM/output/ABox.owl (No such file or directory)
	at java.io.FileInputStream.open(Native Method)
	at java.io.FileInputStream.&lt;init&gt;(FileInputStream.java:146)
	at org.semanticweb.owlapi.io.FileDocumentSource.getInputStream(FileDocumentSource.java:81)
	... 43 more
</error>
    <system-err>java.io.FileNotFoundException: /Users/Ana/Documents/Work/DatalogModules/PrisM/output/ABox.owl (No such file or directory)
	at java.io.FileOutputStream.open(Native Method)
	at java.io.FileOutputStream.&lt;init&gt;(FileOutputStream.java:221)
	at java.io.FileOutputStream.&lt;init&gt;(FileOutputStream.java:110)
	at uk.ac.ox.cs.pagoda.approx.RLPlusOntology.load(RLPlusOntology.java:123)
	at uk.ac.ox.cs.prism.ModuleExtractionUpperProgram.load(ModuleExtractionUpperProgram.java:87)
	at uk.ac.ox.cs.prism.PrisM.initProgram(PrisM.java:180)
	at uk.ac.ox.cs.prism.PrisM.extract(PrisM.java:98)
	at uk.ac.ox.cs.prism.PrisM.extract(PrisM.java:90)
	at jUnit.TailoredModulesExtractorTest.RunningExampleImplicationInsepTest(TailoredModulesExtractorTest.java:189)
	at sun.reflect.NativeMethodAccessorImpl.invoke0(Native Method)
	at sun.reflect.NativeMethodAccessorImpl.invoke(NativeMethodAccessorImpl.java:57)
	at sun.reflect.DelegatingMethodAccessorImpl.invoke(DelegatingMethodAccessorImpl.java:43)
	at java.lang.reflect.Method.invoke(Method.java:606)
	at org.junit.runners.model.FrameworkMethod$1.runReflectiveCall(FrameworkMethod.java:45)
	at org.junit.internal.runners.model.ReflectiveCallable.run(ReflectiveCallable.java:15)
	at org.junit.runners.model.FrameworkMethod.invokeExplosively(FrameworkMethod.java:42)
	at org.junit.internal.runners.statements.InvokeMethod.evaluate(InvokeMethod.java:20)
	at org.junit.runners.ParentRunner.runLeaf(ParentRunner.java:263)
	at org.junit.runners.BlockJUnit4ClassRunner.runChild(BlockJUnit4ClassRunner.java:68)
	at org.junit.runners.BlockJUnit4ClassRunner.runChild(BlockJUnit4ClassRunner.java:47)
	at org.junit.runners.ParentRunner$3.run(ParentRunner.java:231)
	at org.junit.runners.ParentRunner$1.schedule(ParentRunner.java:60)
	at org.junit.runners.ParentRunner.runChildren(ParentRunner.java:229)
	at org.junit.runners.ParentRunner.access$000(ParentRunner.java:50)
	at org.junit.runners.ParentRunner$2.evaluate(ParentRunner.java:222)
	at org.junit.runners.ParentRunner.run(ParentRunner.java:300)
	at org.apache.maven.surefire.junit4.JUnit4Provider.execute(JUnit4Provider.java:252)
	at org.apache.maven.surefire.junit4.JUnit4Provider.executeTestSet(JUnit4Provider.java:141)
	at org.apache.maven.surefire.junit4.JUnit4Provider.invoke(JUnit4Provider.java:112)
	at sun.reflect.NativeMethodAccessorImpl.invoke0(Native Method)
	at sun.reflect.NativeMethodAccessorImpl.invoke(NativeMethodAccessorImpl.java:57)
	at sun.reflect.DelegatingMethodAccessorImpl.invoke(DelegatingMethodAccessorImpl.java:43)
	at java.lang.reflect.Method.invoke(Method.java:606)
	at org.apache.maven.surefire.util.ReflectionUtils.invokeMethodWithArray(ReflectionUtils.java:189)
	at org.apache.maven.surefire.booter.ProviderFactory$ProviderProxy.invoke(ProviderFactory.java:165)
	at org.apache.maven.surefire.booter.ProviderFactory.invokeProvider(ProviderFactory.java:85)
	at org.apache.maven.surefire.booter.ForkedBooter.runSuitesInProcess(ForkedBooter.java:115)
	at org.apache.maven.surefire.booter.ForkedBooter.main(ForkedBooter.java:75)
</system-err>
  </testcase>
  <testcase time="0.016" classname="jUnit.TailoredModulesExtractorTest" name="RunningExampleFactInsep1Test">
    <error message="java.io.FileNotFoundException: /Users/Ana/Documents/Work/DatalogModules/PrisM/output/ABox.owl (No such file or directory)" type="org.semanticweb.owlapi.io.OWLOntologyInputSourceException">org.semanticweb.owlapi.io.OWLOntologyInputSourceException: java.io.FileNotFoundException: /Users/Ana/Documents/Work/DatalogModules/PrisM/output/ABox.owl (No such file or directory)
	at org.semanticweb.owlapi.io.FileDocumentSource.getInputStream(FileDocumentSource.java:83)
	at org.semanticweb.owlapi.io.FileDocumentSource.getReader(FileDocumentSource.java:95)
	at org.semanticweb.owlapi.io.AbstractOWLParser.getInputSource(AbstractOWLParser.java:222)
	at org.coode.owlapi.rdfxml.parser.RDFXMLParser.parse(RDFXMLParser.java:116)
	at uk.ac.manchester.cs.owl.owlapi.ParsableOWLOntologyFactory.loadOWLOntology(ParsableOWLOntologyFactory.java:204)
	at uk.ac.manchester.cs.owl.owlapi.OWLOntologyManagerImpl.loadOntology(OWLOntologyManagerImpl.java:827)
	at uk.ac.manchester.cs.owl.owlapi.OWLOntologyManagerImpl.loadOntologyFromOntologyDocument(OWLOntologyManagerImpl.java:771)
	at uk.ac.manchester.cs.owl.owlapi.OWLOntologyManagerImpl.loadOntologyFromOntologyDocument(OWLOntologyManagerImpl.java:784)
	at uk.ac.ox.cs.pagoda.owl.OWLHelper.loadOntology(OWLHelper.java:67)
	at uk.ac.ox.cs.pagoda.owl.OWLHelper.loadOntology(OWLHelper.java:77)
	at uk.ac.ox.cs.prism.ModuleExtractionUpperProgram.load(ModuleExtractionUpperProgram.java:99)
	at uk.ac.ox.cs.prism.PrisM.initProgram(PrisM.java:180)
	at uk.ac.ox.cs.prism.PrisM.extract(PrisM.java:98)
	at uk.ac.ox.cs.prism.PrisM.extract(PrisM.java:90)
	at jUnit.TailoredModulesExtractorTest.RunningExampleFactInsep1Test(TailoredModulesExtractorTest.java:247)
	at sun.reflect.NativeMethodAccessorImpl.invoke0(Native Method)
	at sun.reflect.NativeMethodAccessorImpl.invoke(NativeMethodAccessorImpl.java:57)
	at sun.reflect.DelegatingMethodAccessorImpl.invoke(DelegatingMethodAccessorImpl.java:43)
	at java.lang.reflect.Method.invoke(Method.java:606)
	at org.junit.runners.model.FrameworkMethod$1.runReflectiveCall(FrameworkMethod.java:45)
	at org.junit.internal.runners.model.ReflectiveCallable.run(ReflectiveCallable.java:15)
	at org.junit.runners.model.FrameworkMethod.invokeExplosively(FrameworkMethod.java:42)
	at org.junit.internal.runners.statements.InvokeMethod.evaluate(InvokeMethod.java:20)
	at org.junit.runners.ParentRunner.runLeaf(ParentRunner.java:263)
	at org.junit.runners.BlockJUnit4ClassRunner.runChild(BlockJUnit4ClassRunner.java:68)
	at org.junit.runners.BlockJUnit4ClassRunner.runChild(BlockJUnit4ClassRunner.java:47)
	at org.junit.runners.ParentRunner$3.run(ParentRunner.java:231)
	at org.junit.runners.ParentRunner$1.schedule(ParentRunner.java:60)
	at org.junit.runners.ParentRunner.runChildren(ParentRunner.java:229)
	at org.junit.runners.ParentRunner.access$000(ParentRunner.java:50)
	at org.junit.runners.ParentRunner$2.evaluate(ParentRunner.java:222)
	at org.junit.runners.ParentRunner.run(ParentRunner.java:300)
	at org.apache.maven.surefire.junit4.JUnit4Provider.execute(JUnit4Provider.java:252)
	at org.apache.maven.surefire.junit4.JUnit4Provider.executeTestSet(JUnit4Provider.java:141)
	at org.apache.maven.surefire.junit4.JUnit4Provider.invoke(JUnit4Provider.java:112)
	at sun.reflect.NativeMethodAccessorImpl.invoke0(Native Method)
	at sun.reflect.NativeMethodAccessorImpl.invoke(NativeMethodAccessorImpl.java:57)
	at sun.reflect.DelegatingMethodAccessorImpl.invoke(DelegatingMethodAccessorImpl.java:43)
	at java.lang.reflect.Method.invoke(Method.java:606)
	at org.apache.maven.surefire.util.ReflectionUtils.invokeMethodWithArray(ReflectionUtils.java:189)
	at org.apache.maven.surefire.booter.ProviderFactory$ProviderProxy.invoke(ProviderFactory.java:165)
	at org.apache.maven.surefire.booter.ProviderFactory.invokeProvider(ProviderFactory.java:85)
	at org.apache.maven.surefire.booter.ForkedBooter.runSuitesInProcess(ForkedBooter.java:115)
	at org.apache.maven.surefire.booter.ForkedBooter.main(ForkedBooter.java:75)
Caused by: java.io.FileNotFoundException: /Users/Ana/Documents/Work/DatalogModules/PrisM/output/ABox.owl (No such file or directory)
	at java.io.FileInputStream.open(Native Method)
	at java.io.FileInputStream.&lt;init&gt;(FileInputStream.java:146)
	at org.semanticweb.owlapi.io.FileDocumentSource.getInputStream(FileDocumentSource.java:81)
	... 43 more
</error>
    <system-err>java.io.FileNotFoundException: /Users/Ana/Documents/Work/DatalogModules/PrisM/output/ABox.owl (No such file or directory)
	at java.io.FileOutputStream.open(Native Method)
	at java.io.FileOutputStream.&lt;init&gt;(FileOutputStream.java:221)
	at java.io.FileOutputStream.&lt;init&gt;(FileOutputStream.java:110)
	at uk.ac.ox.cs.pagoda.approx.RLPlusOntology.load(RLPlusOntology.java:123)
	at uk.ac.ox.cs.prism.ModuleExtractionUpperProgram.load(ModuleExtractionUpperProgram.java:87)
	at uk.ac.ox.cs.prism.PrisM.initProgram(PrisM.java:180)
	at uk.ac.ox.cs.prism.PrisM.extract(PrisM.java:98)
	at uk.ac.ox.cs.prism.PrisM.extract(PrisM.java:90)
	at jUnit.TailoredModulesExtractorTest.RunningExampleFactInsep1Test(TailoredModulesExtractorTest.java:247)
	at sun.reflect.NativeMethodAccessorImpl.invoke0(Native Method)
	at sun.reflect.NativeMethodAccessorImpl.invoke(NativeMethodAccessorImpl.java:57)
	at sun.reflect.DelegatingMethodAccessorImpl.invoke(DelegatingMethodAccessorImpl.java:43)
	at java.lang.reflect.Method.invoke(Method.java:606)
	at org.junit.runners.model.FrameworkMethod$1.runReflectiveCall(FrameworkMethod.java:45)
	at org.junit.internal.runners.model.ReflectiveCallable.run(ReflectiveCallable.java:15)
	at org.junit.runners.model.FrameworkMethod.invokeExplosively(FrameworkMethod.java:42)
	at org.junit.internal.runners.statements.InvokeMethod.evaluate(InvokeMethod.java:20)
	at org.junit.runners.ParentRunner.runLeaf(ParentRunner.java:263)
	at org.junit.runners.BlockJUnit4ClassRunner.runChild(BlockJUnit4ClassRunner.java:68)
	at org.junit.runners.BlockJUnit4ClassRunner.runChild(BlockJUnit4ClassRunner.java:47)
	at org.junit.runners.ParentRunner$3.run(ParentRunner.java:231)
	at org.junit.runners.ParentRunner$1.schedule(ParentRunner.java:60)
	at org.junit.runners.ParentRunner.runChildren(ParentRunner.java:229)
	at org.junit.runners.ParentRunner.access$000(ParentRunner.java:50)
	at org.junit.runners.ParentRunner$2.evaluate(ParentRunner.java:222)
	at org.junit.runners.ParentRunner.run(ParentRunner.java:300)
	at org.apache.maven.surefire.junit4.JUnit4Provider.execute(JUnit4Provider.java:252)
	at org.apache.maven.surefire.junit4.JUnit4Provider.executeTestSet(JUnit4Provider.java:141)
	at org.apache.maven.surefire.junit4.JUnit4Provider.invoke(JUnit4Provider.java:112)
	at sun.reflect.NativeMethodAccessorImpl.invoke0(Native Method)
	at sun.reflect.NativeMethodAccessorImpl.invoke(NativeMethodAccessorImpl.java:57)
	at sun.reflect.DelegatingMethodAccessorImpl.invoke(DelegatingMethodAccessorImpl.java:43)
	at java.lang.reflect.Method.invoke(Method.java:606)
	at org.apache.maven.surefire.util.ReflectionUtils.invokeMethodWithArray(ReflectionUtils.java:189)
	at org.apache.maven.surefire.booter.ProviderFactory$ProviderProxy.invoke(ProviderFactory.java:165)
	at org.apache.maven.surefire.booter.ProviderFactory.invokeProvider(ProviderFactory.java:85)
	at org.apache.maven.surefire.booter.ForkedBooter.runSuitesInProcess(ForkedBooter.java:115)
	at org.apache.maven.surefire.booter.ForkedBooter.main(ForkedBooter.java:75)
</system-err>
  </testcase>
  <testcase time="0.015" classname="jUnit.TailoredModulesExtractorTest" name="RunningExampleFactInsep2Test">
    <error message="java.io.FileNotFoundException: /Users/Ana/Documents/Work/DatalogModules/PrisM/output/ABox.owl (No such file or directory)" type="org.semanticweb.owlapi.io.OWLOntologyInputSourceException">org.semanticweb.owlapi.io.OWLOntologyInputSourceException: java.io.FileNotFoundException: /Users/Ana/Documents/Work/DatalogModules/PrisM/output/ABox.owl (No such file or directory)
	at org.semanticweb.owlapi.io.FileDocumentSource.getInputStream(FileDocumentSource.java:83)
	at org.semanticweb.owlapi.io.FileDocumentSource.getReader(FileDocumentSource.java:95)
	at org.semanticweb.owlapi.io.AbstractOWLParser.getInputSource(AbstractOWLParser.java:222)
	at org.coode.owlapi.rdfxml.parser.RDFXMLParser.parse(RDFXMLParser.java:116)
	at uk.ac.manchester.cs.owl.owlapi.ParsableOWLOntologyFactory.loadOWLOntology(ParsableOWLOntologyFactory.java:204)
	at uk.ac.manchester.cs.owl.owlapi.OWLOntologyManagerImpl.loadOntology(OWLOntologyManagerImpl.java:827)
	at uk.ac.manchester.cs.owl.owlapi.OWLOntologyManagerImpl.loadOntologyFromOntologyDocument(OWLOntologyManagerImpl.java:771)
	at uk.ac.manchester.cs.owl.owlapi.OWLOntologyManagerImpl.loadOntologyFromOntologyDocument(OWLOntologyManagerImpl.java:784)
	at uk.ac.ox.cs.pagoda.owl.OWLHelper.loadOntology(OWLHelper.java:67)
	at uk.ac.ox.cs.pagoda.owl.OWLHelper.loadOntology(OWLHelper.java:77)
	at uk.ac.ox.cs.prism.ModuleExtractionUpperProgram.load(ModuleExtractionUpperProgram.java:99)
	at uk.ac.ox.cs.prism.PrisM.initProgram(PrisM.java:180)
	at uk.ac.ox.cs.prism.PrisM.extract(PrisM.java:98)
	at uk.ac.ox.cs.prism.PrisM.extract(PrisM.java:90)
	at jUnit.TailoredModulesExtractorTest.RunningExampleFactInsep2Test(TailoredModulesExtractorTest.java:305)
	at sun.reflect.NativeMethodAccessorImpl.invoke0(Native Method)
	at sun.reflect.NativeMethodAccessorImpl.invoke(NativeMethodAccessorImpl.java:57)
	at sun.reflect.DelegatingMethodAccessorImpl.invoke(DelegatingMethodAccessorImpl.java:43)
	at java.lang.reflect.Method.invoke(Method.java:606)
	at org.junit.runners.model.FrameworkMethod$1.runReflectiveCall(FrameworkMethod.java:45)
	at org.junit.internal.runners.model.ReflectiveCallable.run(ReflectiveCallable.java:15)
	at org.junit.runners.model.FrameworkMethod.invokeExplosively(FrameworkMethod.java:42)
	at org.junit.internal.runners.statements.InvokeMethod.evaluate(InvokeMethod.java:20)
	at org.junit.runners.ParentRunner.runLeaf(ParentRunner.java:263)
	at org.junit.runners.BlockJUnit4ClassRunner.runChild(BlockJUnit4ClassRunner.java:68)
	at org.junit.runners.BlockJUnit4ClassRunner.runChild(BlockJUnit4ClassRunner.java:47)
	at org.junit.runners.ParentRunner$3.run(ParentRunner.java:231)
	at org.junit.runners.ParentRunner$1.schedule(ParentRunner.java:60)
	at org.junit.runners.ParentRunner.runChildren(ParentRunner.java:229)
	at org.junit.runners.ParentRunner.access$000(ParentRunner.java:50)
	at org.junit.runners.ParentRunner$2.evaluate(ParentRunner.java:222)
	at org.junit.runners.ParentRunner.run(ParentRunner.java:300)
	at org.apache.maven.surefire.junit4.JUnit4Provider.execute(JUnit4Provider.java:252)
	at org.apache.maven.surefire.junit4.JUnit4Provider.executeTestSet(JUnit4Provider.java:141)
	at org.apache.maven.surefire.junit4.JUnit4Provider.invoke(JUnit4Provider.java:112)
	at sun.reflect.NativeMethodAccessorImpl.invoke0(Native Method)
	at sun.reflect.NativeMethodAccessorImpl.invoke(NativeMethodAccessorImpl.java:57)
	at sun.reflect.DelegatingMethodAccessorImpl.invoke(DelegatingMethodAccessorImpl.java:43)
	at java.lang.reflect.Method.invoke(Method.java:606)
	at org.apache.maven.surefire.util.ReflectionUtils.invokeMethodWithArray(ReflectionUtils.java:189)
	at org.apache.maven.surefire.booter.ProviderFactory$ProviderProxy.invoke(ProviderFactory.java:165)
	at org.apache.maven.surefire.booter.ProviderFactory.invokeProvider(ProviderFactory.java:85)
	at org.apache.maven.surefire.booter.ForkedBooter.runSuitesInProcess(ForkedBooter.java:115)
	at org.apache.maven.surefire.booter.ForkedBooter.main(ForkedBooter.java:75)
Caused by: java.io.FileNotFoundException: /Users/Ana/Documents/Work/DatalogModules/PrisM/output/ABox.owl (No such file or directory)
	at java.io.FileInputStream.open(Native Method)
	at java.io.FileInputStream.&lt;init&gt;(FileInputStream.java:146)
	at org.semanticweb.owlapi.io.FileDocumentSource.getInputStream(FileDocumentSource.java:81)
	... 43 more
</error>
    <system-err>java.io.FileNotFoundException: /Users/Ana/Documents/Work/DatalogModules/PrisM/output/ABox.owl (No such file or directory)
	at java.io.FileOutputStream.open(Native Method)
	at java.io.FileOutputStream.&lt;init&gt;(FileOutputStream.java:221)
	at java.io.FileOutputStream.&lt;init&gt;(FileOutputStream.java:110)
	at uk.ac.ox.cs.pagoda.approx.RLPlusOntology.load(RLPlusOntology.java:123)
	at uk.ac.ox.cs.prism.ModuleExtractionUpperProgram.load(ModuleExtractionUpperProgram.java:87)
	at uk.ac.ox.cs.prism.PrisM.initProgram(PrisM.java:180)
	at uk.ac.ox.cs.prism.PrisM.extract(PrisM.java:98)
	at uk.ac.ox.cs.prism.PrisM.extract(PrisM.java:90)
	at jUnit.TailoredModulesExtractorTest.RunningExampleFactInsep2Test(TailoredModulesExtractorTest.java:305)
	at sun.reflect.NativeMethodAccessorImpl.invoke0(Native Method)
	at sun.reflect.NativeMethodAccessorImpl.invoke(NativeMethodAccessorImpl.java:57)
	at sun.reflect.DelegatingMethodAccessorImpl.invoke(DelegatingMethodAccessorImpl.java:43)
	at java.lang.reflect.Method.invoke(Method.java:606)
	at org.junit.runners.model.FrameworkMethod$1.runReflectiveCall(FrameworkMethod.java:45)
	at org.junit.internal.runners.model.ReflectiveCallable.run(ReflectiveCallable.java:15)
	at org.junit.runners.model.FrameworkMethod.invokeExplosively(FrameworkMethod.java:42)
	at org.junit.internal.runners.statements.InvokeMethod.evaluate(InvokeMethod.java:20)
	at org.junit.runners.ParentRunner.runLeaf(ParentRunner.java:263)
	at org.junit.runners.BlockJUnit4ClassRunner.runChild(BlockJUnit4ClassRunner.java:68)
	at org.junit.runners.BlockJUnit4ClassRunner.runChild(BlockJUnit4ClassRunner.java:47)
	at org.junit.runners.ParentRunner$3.run(ParentRunner.java:231)
	at org.junit.runners.ParentRunner$1.schedule(ParentRunner.java:60)
	at org.junit.runners.ParentRunner.runChildren(ParentRunner.java:229)
	at org.junit.runners.ParentRunner.access$000(ParentRunner.java:50)
	at org.junit.runners.ParentRunner$2.evaluate(ParentRunner.java:222)
	at org.junit.runners.ParentRunner.run(ParentRunner.java:300)
	at org.apache.maven.surefire.junit4.JUnit4Provider.execute(JUnit4Provider.java:252)
	at org.apache.maven.surefire.junit4.JUnit4Provider.executeTestSet(JUnit4Provider.java:141)
	at org.apache.maven.surefire.junit4.JUnit4Provider.invoke(JUnit4Provider.java:112)
	at sun.reflect.NativeMethodAccessorImpl.invoke0(Native Method)
	at sun.reflect.NativeMethodAccessorImpl.invoke(NativeMethodAccessorImpl.java:57)
	at sun.reflect.DelegatingMethodAccessorImpl.invoke(DelegatingMethodAccessorImpl.java:43)
	at java.lang.reflect.Method.invoke(Method.java:606)
	at org.apache.maven.surefire.util.ReflectionUtils.invokeMethodWithArray(ReflectionUtils.java:189)
	at org.apache.maven.surefire.booter.ProviderFactory$ProviderProxy.invoke(ProviderFactory.java:165)
	at org.apache.maven.surefire.booter.ProviderFactory.invokeProvider(ProviderFactory.java:85)
	at org.apache.maven.surefire.booter.ForkedBooter.runSuitesInProcess(ForkedBooter.java:115)
	at org.apache.maven.surefire.booter.ForkedBooter.main(ForkedBooter.java:75)
</system-err>
  </testcase>
  <testcase time="0.023" classname="jUnit.TailoredModulesExtractorTest" name="RunningExampleCQInsepTest">
    <error message="java.io.FileNotFoundException: /Users/Ana/Documents/Work/DatalogModules/PrisM/output/ABox.owl (No such file or directory)" type="org.semanticweb.owlapi.io.OWLOntologyInputSourceException">org.semanticweb.owlapi.io.OWLOntologyInputSourceException: java.io.FileNotFoundException: /Users/Ana/Documents/Work/DatalogModules/PrisM/output/ABox.owl (No such file or directory)
	at org.semanticweb.owlapi.io.FileDocumentSource.getInputStream(FileDocumentSource.java:83)
	at org.semanticweb.owlapi.io.FileDocumentSource.getReader(FileDocumentSource.java:95)
	at org.semanticweb.owlapi.io.AbstractOWLParser.getInputSource(AbstractOWLParser.java:222)
	at org.coode.owlapi.rdfxml.parser.RDFXMLParser.parse(RDFXMLParser.java:116)
	at uk.ac.manchester.cs.owl.owlapi.ParsableOWLOntologyFactory.loadOWLOntology(ParsableOWLOntologyFactory.java:204)
	at uk.ac.manchester.cs.owl.owlapi.OWLOntologyManagerImpl.loadOntology(OWLOntologyManagerImpl.java:827)
	at uk.ac.manchester.cs.owl.owlapi.OWLOntologyManagerImpl.loadOntologyFromOntologyDocument(OWLOntologyManagerImpl.java:771)
	at uk.ac.manchester.cs.owl.owlapi.OWLOntologyManagerImpl.loadOntologyFromOntologyDocument(OWLOntologyManagerImpl.java:784)
	at uk.ac.ox.cs.pagoda.owl.OWLHelper.loadOntology(OWLHelper.java:67)
	at uk.ac.ox.cs.pagoda.owl.OWLHelper.loadOntology(OWLHelper.java:77)
	at uk.ac.ox.cs.prism.ModuleExtractionUpperProgram.load(ModuleExtractionUpperProgram.java:99)
	at uk.ac.ox.cs.prism.PrisM.initProgram(PrisM.java:180)
	at uk.ac.ox.cs.prism.PrisM.extract(PrisM.java:98)
	at uk.ac.ox.cs.prism.PrisM.extract(PrisM.java:90)
	at jUnit.TailoredModulesExtractorTest.RunningExampleCQInsepTest(TailoredModulesExtractorTest.java:359)
	at sun.reflect.NativeMethodAccessorImpl.invoke0(Native Method)
	at sun.reflect.NativeMethodAccessorImpl.invoke(NativeMethodAccessorImpl.java:57)
	at sun.reflect.DelegatingMethodAccessorImpl.invoke(DelegatingMethodAccessorImpl.java:43)
	at java.lang.reflect.Method.invoke(Method.java:606)
	at org.junit.runners.model.FrameworkMethod$1.runReflectiveCall(FrameworkMethod.java:45)
	at org.junit.internal.runners.model.ReflectiveCallable.run(ReflectiveCallable.java:15)
	at org.junit.runners.model.FrameworkMethod.invokeExplosively(FrameworkMethod.java:42)
	at org.junit.internal.runners.statements.InvokeMethod.evaluate(InvokeMethod.java:20)
	at org.junit.runners.ParentRunner.runLeaf(ParentRunner.java:263)
	at org.junit.runners.BlockJUnit4ClassRunner.runChild(BlockJUnit4ClassRunner.java:68)
	at org.junit.runners.BlockJUnit4ClassRunner.runChild(BlockJUnit4ClassRunner.java:47)
	at org.junit.runners.ParentRunner$3.run(ParentRunner.java:231)
	at org.junit.runners.ParentRunner$1.schedule(ParentRunner.java:60)
	at org.junit.runners.ParentRunner.runChildren(ParentRunner.java:229)
	at org.junit.runners.ParentRunner.access$000(ParentRunner.java:50)
	at org.junit.runners.ParentRunner$2.evaluate(ParentRunner.java:222)
	at org.junit.runners.ParentRunner.run(ParentRunner.java:300)
	at org.apache.maven.surefire.junit4.JUnit4Provider.execute(JUnit4Provider.java:252)
	at org.apache.maven.surefire.junit4.JUnit4Provider.executeTestSet(JUnit4Provider.java:141)
	at org.apache.maven.surefire.junit4.JUnit4Provider.invoke(JUnit4Provider.java:112)
	at sun.reflect.NativeMethodAccessorImpl.invoke0(Native Method)
	at sun.reflect.NativeMethodAccessorImpl.invoke(NativeMethodAccessorImpl.java:57)
	at sun.reflect.DelegatingMethodAccessorImpl.invoke(DelegatingMethodAccessorImpl.java:43)
	at java.lang.reflect.Method.invoke(Method.java:606)
	at org.apache.maven.surefire.util.ReflectionUtils.invokeMethodWithArray(ReflectionUtils.java:189)
	at org.apache.maven.surefire.booter.ProviderFactory$ProviderProxy.invoke(ProviderFactory.java:165)
	at org.apache.maven.surefire.booter.ProviderFactory.invokeProvider(ProviderFactory.java:85)
	at org.apache.maven.surefire.booter.ForkedBooter.runSuitesInProcess(ForkedBooter.java:115)
	at org.apache.maven.surefire.booter.ForkedBooter.main(ForkedBooter.java:75)
Caused by: java.io.FileNotFoundException: /Users/Ana/Documents/Work/DatalogModules/PrisM/output/ABox.owl (No such file or directory)
	at java.io.FileInputStream.open(Native Method)
	at java.io.FileInputStream.&lt;init&gt;(FileInputStream.java:146)
	at org.semanticweb.owlapi.io.FileDocumentSource.getInputStream(FileDocumentSource.java:81)
	... 43 more
</error>
    <system-err>java.io.FileNotFoundException: /Users/Ana/Documents/Work/DatalogModules/PrisM/output/ABox.owl (No such file or directory)
	at java.io.FileOutputStream.open(Native Method)
	at java.io.FileOutputStream.&lt;init&gt;(FileOutputStream.java:221)
	at java.io.FileOutputStream.&lt;init&gt;(FileOutputStream.java:110)
	at uk.ac.ox.cs.pagoda.approx.RLPlusOntology.load(RLPlusOntology.java:123)
	at uk.ac.ox.cs.prism.ModuleExtractionUpperProgram.load(ModuleExtractionUpperProgram.java:87)
	at uk.ac.ox.cs.prism.PrisM.initProgram(PrisM.java:180)
	at uk.ac.ox.cs.prism.PrisM.extract(PrisM.java:98)
	at uk.ac.ox.cs.prism.PrisM.extract(PrisM.java:90)
	at jUnit.TailoredModulesExtractorTest.RunningExampleCQInsepTest(TailoredModulesExtractorTest.java:359)
	at sun.reflect.NativeMethodAccessorImpl.invoke0(Native Method)
	at sun.reflect.NativeMethodAccessorImpl.invoke(NativeMethodAccessorImpl.java:57)
	at sun.reflect.DelegatingMethodAccessorImpl.invoke(DelegatingMethodAccessorImpl.java:43)
	at java.lang.reflect.Method.invoke(Method.java:606)
	at org.junit.runners.model.FrameworkMethod$1.runReflectiveCall(FrameworkMethod.java:45)
	at org.junit.internal.runners.model.ReflectiveCallable.run(ReflectiveCallable.java:15)
	at org.junit.runners.model.FrameworkMethod.invokeExplosively(FrameworkMethod.java:42)
	at org.junit.internal.runners.statements.InvokeMethod.evaluate(InvokeMethod.java:20)
	at org.junit.runners.ParentRunner.runLeaf(ParentRunner.java:263)
	at org.junit.runners.BlockJUnit4ClassRunner.runChild(BlockJUnit4ClassRunner.java:68)
	at org.junit.runners.BlockJUnit4ClassRunner.runChild(BlockJUnit4ClassRunner.java:47)
	at org.junit.runners.ParentRunner$3.run(ParentRunner.java:231)
	at org.junit.runners.ParentRunner$1.schedule(ParentRunner.java:60)
	at org.junit.runners.ParentRunner.runChildren(ParentRunner.java:229)
	at org.junit.runners.ParentRunner.access$000(ParentRunner.java:50)
	at org.junit.runners.ParentRunner$2.evaluate(ParentRunner.java:222)
	at org.junit.runners.ParentRunner.run(ParentRunner.java:300)
	at org.apache.maven.surefire.junit4.JUnit4Provider.execute(JUnit4Provider.java:252)
	at org.apache.maven.surefire.junit4.JUnit4Provider.executeTestSet(JUnit4Provider.java:141)
	at org.apache.maven.surefire.junit4.JUnit4Provider.invoke(JUnit4Provider.java:112)
	at sun.reflect.NativeMethodAccessorImpl.invoke0(Native Method)
	at sun.reflect.NativeMethodAccessorImpl.invoke(NativeMethodAccessorImpl.java:57)
	at sun.reflect.DelegatingMethodAccessorImpl.invoke(DelegatingMethodAccessorImpl.java:43)
	at java.lang.reflect.Method.invoke(Method.java:606)
	at org.apache.maven.surefire.util.ReflectionUtils.invokeMethodWithArray(ReflectionUtils.java:189)
	at org.apache.maven.surefire.booter.ProviderFactory$ProviderProxy.invoke(ProviderFactory.java:165)
	at org.apache.maven.surefire.booter.ProviderFactory.invokeProvider(ProviderFactory.java:85)
	at org.apache.maven.surefire.booter.ForkedBooter.runSuitesInProcess(ForkedBooter.java:115)
	at org.apache.maven.surefire.booter.ForkedBooter.main(ForkedBooter.java:75)
</system-err>
  </testcase>
  <testcase time="0.016" classname="jUnit.TailoredModulesExtractorTest" name="RunningExampleWeakCQInsepTest">
    <error message="java.io.FileNotFoundException: /Users/Ana/Documents/Work/DatalogModules/PrisM/output/ABox.owl (No such file or directory)" type="org.semanticweb.owlapi.io.OWLOntologyInputSourceException">org.semanticweb.owlapi.io.OWLOntologyInputSourceException: java.io.FileNotFoundException: /Users/Ana/Documents/Work/DatalogModules/PrisM/output/ABox.owl (No such file or directory)
	at org.semanticweb.owlapi.io.FileDocumentSource.getInputStream(FileDocumentSource.java:83)
	at org.semanticweb.owlapi.io.FileDocumentSource.getReader(FileDocumentSource.java:95)
	at org.semanticweb.owlapi.io.AbstractOWLParser.getInputSource(AbstractOWLParser.java:222)
	at org.coode.owlapi.rdfxml.parser.RDFXMLParser.parse(RDFXMLParser.java:116)
	at uk.ac.manchester.cs.owl.owlapi.ParsableOWLOntologyFactory.loadOWLOntology(ParsableOWLOntologyFactory.java:204)
	at uk.ac.manchester.cs.owl.owlapi.OWLOntologyManagerImpl.loadOntology(OWLOntologyManagerImpl.java:827)
	at uk.ac.manchester.cs.owl.owlapi.OWLOntologyManagerImpl.loadOntologyFromOntologyDocument(OWLOntologyManagerImpl.java:771)
	at uk.ac.manchester.cs.owl.owlapi.OWLOntologyManagerImpl.loadOntologyFromOntologyDocument(OWLOntologyManagerImpl.java:784)
	at uk.ac.ox.cs.pagoda.owl.OWLHelper.loadOntology(OWLHelper.java:67)
	at uk.ac.ox.cs.pagoda.owl.OWLHelper.loadOntology(OWLHelper.java:77)
	at uk.ac.ox.cs.prism.ModuleExtractionUpperProgram.load(ModuleExtractionUpperProgram.java:99)
	at uk.ac.ox.cs.prism.PrisM.initProgram(PrisM.java:180)
	at uk.ac.ox.cs.prism.PrisM.extract(PrisM.java:98)
	at uk.ac.ox.cs.prism.PrisM.extract(PrisM.java:90)
	at jUnit.TailoredModulesExtractorTest.RunningExampleWeakCQInsepTest(TailoredModulesExtractorTest.java:411)
	at sun.reflect.NativeMethodAccessorImpl.invoke0(Native Method)
	at sun.reflect.NativeMethodAccessorImpl.invoke(NativeMethodAccessorImpl.java:57)
	at sun.reflect.DelegatingMethodAccessorImpl.invoke(DelegatingMethodAccessorImpl.java:43)
	at java.lang.reflect.Method.invoke(Method.java:606)
	at org.junit.runners.model.FrameworkMethod$1.runReflectiveCall(FrameworkMethod.java:45)
	at org.junit.internal.runners.model.ReflectiveCallable.run(ReflectiveCallable.java:15)
	at org.junit.runners.model.FrameworkMethod.invokeExplosively(FrameworkMethod.java:42)
	at org.junit.internal.runners.statements.InvokeMethod.evaluate(InvokeMethod.java:20)
	at org.junit.runners.ParentRunner.runLeaf(ParentRunner.java:263)
	at org.junit.runners.BlockJUnit4ClassRunner.runChild(BlockJUnit4ClassRunner.java:68)
	at org.junit.runners.BlockJUnit4ClassRunner.runChild(BlockJUnit4ClassRunner.java:47)
	at org.junit.runners.ParentRunner$3.run(ParentRunner.java:231)
	at org.junit.runners.ParentRunner$1.schedule(ParentRunner.java:60)
	at org.junit.runners.ParentRunner.runChildren(ParentRunner.java:229)
	at org.junit.runners.ParentRunner.access$000(ParentRunner.java:50)
	at org.junit.runners.ParentRunner$2.evaluate(ParentRunner.java:222)
	at org.junit.runners.ParentRunner.run(ParentRunner.java:300)
	at org.apache.maven.surefire.junit4.JUnit4Provider.execute(JUnit4Provider.java:252)
	at org.apache.maven.surefire.junit4.JUnit4Provider.executeTestSet(JUnit4Provider.java:141)
	at org.apache.maven.surefire.junit4.JUnit4Provider.invoke(JUnit4Provider.java:112)
	at sun.reflect.NativeMethodAccessorImpl.invoke0(Native Method)
	at sun.reflect.NativeMethodAccessorImpl.invoke(NativeMethodAccessorImpl.java:57)
	at sun.reflect.DelegatingMethodAccessorImpl.invoke(DelegatingMethodAccessorImpl.java:43)
	at java.lang.reflect.Method.invoke(Method.java:606)
	at org.apache.maven.surefire.util.ReflectionUtils.invokeMethodWithArray(ReflectionUtils.java:189)
	at org.apache.maven.surefire.booter.ProviderFactory$ProviderProxy.invoke(ProviderFactory.java:165)
	at org.apache.maven.surefire.booter.ProviderFactory.invokeProvider(ProviderFactory.java:85)
	at org.apache.maven.surefire.booter.ForkedBooter.runSuitesInProcess(ForkedBooter.java:115)
	at org.apache.maven.surefire.booter.ForkedBooter.main(ForkedBooter.java:75)
Caused by: java.io.FileNotFoundException: /Users/Ana/Documents/Work/DatalogModules/PrisM/output/ABox.owl (No such file or directory)
	at java.io.FileInputStream.open(Native Method)
	at java.io.FileInputStream.&lt;init&gt;(FileInputStream.java:146)
	at org.semanticweb.owlapi.io.FileDocumentSource.getInputStream(FileDocumentSource.java:81)
	... 43 more
</error>
    <system-err>java.io.FileNotFoundException: /Users/Ana/Documents/Work/DatalogModules/PrisM/output/ABox.owl (No such file or directory)
	at java.io.FileOutputStream.open(Native Method)
	at java.io.FileOutputStream.&lt;init&gt;(FileOutputStream.java:221)
	at java.io.FileOutputStream.&lt;init&gt;(FileOutputStream.java:110)
	at uk.ac.ox.cs.pagoda.approx.RLPlusOntology.load(RLPlusOntology.java:123)
	at uk.ac.ox.cs.prism.ModuleExtractionUpperProgram.load(ModuleExtractionUpperProgram.java:87)
	at uk.ac.ox.cs.prism.PrisM.initProgram(PrisM.java:180)
	at uk.ac.ox.cs.prism.PrisM.extract(PrisM.java:98)
	at uk.ac.ox.cs.prism.PrisM.extract(PrisM.java:90)
	at jUnit.TailoredModulesExtractorTest.RunningExampleWeakCQInsepTest(TailoredModulesExtractorTest.java:411)
	at sun.reflect.NativeMethodAccessorImpl.invoke0(Native Method)
	at sun.reflect.NativeMethodAccessorImpl.invoke(NativeMethodAccessorImpl.java:57)
	at sun.reflect.DelegatingMethodAccessorImpl.invoke(DelegatingMethodAccessorImpl.java:43)
	at java.lang.reflect.Method.invoke(Method.java:606)
	at org.junit.runners.model.FrameworkMethod$1.runReflectiveCall(FrameworkMethod.java:45)
	at org.junit.internal.runners.model.ReflectiveCallable.run(ReflectiveCallable.java:15)
	at org.junit.runners.model.FrameworkMethod.invokeExplosively(FrameworkMethod.java:42)
	at org.junit.internal.runners.statements.InvokeMethod.evaluate(InvokeMethod.java:20)
	at org.junit.runners.ParentRunner.runLeaf(ParentRunner.java:263)
	at org.junit.runners.BlockJUnit4ClassRunner.runChild(BlockJUnit4ClassRunner.java:68)
	at org.junit.runners.BlockJUnit4ClassRunner.runChild(BlockJUnit4ClassRunner.java:47)
	at org.junit.runners.ParentRunner$3.run(ParentRunner.java:231)
	at org.junit.runners.ParentRunner$1.schedule(ParentRunner.java:60)
	at org.junit.runners.ParentRunner.runChildren(ParentRunner.java:229)
	at org.junit.runners.ParentRunner.access$000(ParentRunner.java:50)
	at org.junit.runners.ParentRunner$2.evaluate(ParentRunner.java:222)
	at org.junit.runners.ParentRunner.run(ParentRunner.java:300)
	at org.apache.maven.surefire.junit4.JUnit4Provider.execute(JUnit4Provider.java:252)
	at org.apache.maven.surefire.junit4.JUnit4Provider.executeTestSet(JUnit4Provider.java:141)
	at org.apache.maven.surefire.junit4.JUnit4Provider.invoke(JUnit4Provider.java:112)
	at sun.reflect.NativeMethodAccessorImpl.invoke0(Native Method)
	at sun.reflect.NativeMethodAccessorImpl.invoke(NativeMethodAccessorImpl.java:57)
	at sun.reflect.DelegatingMethodAccessorImpl.invoke(DelegatingMethodAccessorImpl.java:43)
	at java.lang.reflect.Method.invoke(Method.java:606)
	at org.apache.maven.surefire.util.ReflectionUtils.invokeMethodWithArray(ReflectionUtils.java:189)
	at org.apache.maven.surefire.booter.ProviderFactory$ProviderProxy.invoke(ProviderFactory.java:165)
	at org.apache.maven.surefire.booter.ProviderFactory.invokeProvider(ProviderFactory.java:85)
	at org.apache.maven.surefire.booter.ForkedBooter.runSuitesInProcess(ForkedBooter.java:115)
	at org.apache.maven.surefire.booter.ForkedBooter.main(ForkedBooter.java:75)
</system-err>
  </testcase>
  <testcase time="0.61" classname="jUnit.TailoredModulesExtractorTest" name="OtherExampleWeakCQInsepTest"/>
  <testcase time="0.038" classname="jUnit.TailoredModulesExtractorTest" name="RunningExampleModelInsepTest"/>
  <testcase time="0.03" classname="jUnit.TailoredModulesExtractorTest" name="RunningExampleClassificationInsepTest"/>
  <testcase time="0.044" classname="jUnit.TailoredModulesExtractorTest" name="ExampleWithNominalsConceptClassificationTest"/>
</testsuite>